<?xml version="1.0" encoding="UTF-8"?>
<!-- Generated by org.testng.reporters.JUnitXMLReporter -->
<testsuite ignored="0" hostname="kaushik-Inspiron-5547" failures="1" tests="9" name="Function Tests" time="0.082" errors="0" timestamp="21 Aug 2019 06:03:27 GMT">
  <testcase classname="com.test.TestNGBasic" name="googleTitleTest" time="0.007"/>
  <testcase classname="com.test.TestNGBasic" name="googleTitleTest2" time="0.002"/>
  <testcase classname="com.test.TestNGDependsOnMethod" name="oneTest" time="0.002">
    <failure type="java.lang.ArithmeticException" message="/ by zero">
      <![CDATA[java.lang.ArithmeticException: / by zero
at com.test.TestNGDependsOnMethod.oneTest(TestNGDependsOnMethod.java:14)
... Removed 25 stack frames]]>
    </failure>
  </testcase> <!-- oneTest -->
  <testcase classname="com.test.TestNGExpectedException" name="myTest" time="0.021"/>
  <testcase classname="com.test.TestNGInvocationCount" name="myTest" time="0.001"/>
  <testcase classname="com.test.TestNGInvocationCount" name="myTest" time="0.001"/>
  <testcase classname="com.test.TestNGInvocationCount" name="myTest" time="0.002"/>
  <testcase classname="com.test.TestNGInvocationCount" name="myTest" time="0.001"/>
  <testcase classname="com.test.TestNGInvocationCount" name="myTest" time="0.001"/>
</testsuite> <!-- Function Tests -->
