<?xml version="1.0" encoding="UTF-8"?>
<testsuite xmlns:xsi="http://www.w3.org/2001/XMLSchema-instance" xsi:noNamespaceSchemaLocation="https://maven.apache.org/surefire/maven-surefire-plugin/xsd/surefire-test-report-3.0.xsd" version="3.0" name="TestSuite" time="42.758" tests="1" errors="0" skipped="0" failures="1">
  <properties>
[...]
</properties>
  <testcase name="newLoginTest" classname="com.entrar.testCases.VerifyNewEntrarLogin" time="20.385">
    <failure message="Timeout loading page after 20000ms&#10;Build info: version: &apos;3.141.59&apos;, revision: &apos;e82be7d358&apos;, time: &apos;2018-11-14T08:17:03&apos;&#10;System info: host: &apos;kaushik-Inspiron-5547&apos;, ip: &apos;127.0.1.1&apos;, os.name: &apos;Linux&apos;, os.arch: &apos;amd64&apos;, os.version: &apos;5.0.0-37-generic&apos;, java.version: &apos;11.0.5&apos;&#10;Driver info: org.openqa.selenium.firefox.FirefoxDriver&#10;Capabilities {acceptInsecureCerts: true, browserName: firefox, browserVersion: 71.0, javascriptEnabled: true, moz:accessibilityChecks: false, moz:buildID: 20191205184924, moz:geckodriverVersion: 0.24.0, moz:headless: false, moz:processID: 20591, moz:profile: /tmp/rust_mozprofile.GM8Eeh..., moz:shutdownTimeout: 60000, moz:useNonSpecCompliantPointerOrigin: false, moz:webdriverClick: true, pageLoadStrategy: normal, platform: LINUX, platformName: LINUX, platformVersion: 5.0.0-37-generic, rotatable: false, setWindowRect: true, strictFileInteractability: false, timeouts: {implicit: 0, pageLoad: 300000, script: 30000}, unhandledPromptBehavior: dismiss and notify}&#10;Session ID: 5ea0c815-c395-4e06-b7a2-eb3790315f34" type="org.openqa.selenium.TimeoutException"><![CDATA[org.openqa.selenium.TimeoutException: 
Timeout loading page after 20000ms
Build info: version: '3.141.59', revision: 'e82be7d358', time: '2018-11-14T08:17:03'
System info: host: 'kaushik-Inspiron-5547', ip: '127.0.1.1', os.name: 'Linux', os.arch: 'amd64', os.version: '5.0.0-37-generic', java.version: '11.0.5'
Driver info: org.openqa.selenium.firefox.FirefoxDriver
Capabilities {acceptInsecureCerts: true, browserName: firefox, browserVersion: 71.0, javascriptEnabled: true, moz:accessibilityChecks: false, moz:buildID: 20191205184924, moz:geckodriverVersion: 0.24.0, moz:headless: false, moz:processID: 20591, moz:profile: /tmp/rust_mozprofile.GM8Eeh..., moz:shutdownTimeout: 60000, moz:useNonSpecCompliantPointerOrigin: false, moz:webdriverClick: true, pageLoadStrategy: normal, platform: LINUX, platformName: LINUX, platformVersion: 5.0.0-37-generic, rotatable: false, setWindowRect: true, strictFileInteractability: false, timeouts: {implicit: 0, pageLoad: 300000, script: 30000}, unhandledPromptBehavior: dismiss and notify}
Session ID: 5ea0c815-c395-4e06-b7a2-eb3790315f34
	at com.entrar.testCases.VerifyNewEntrarLogin.newLoginTest(VerifyNewEntrarLogin.java:32)
]]></failure>
    <system-out><![CDATA[[TestNG] [WARN] Ignoring duplicate listener : com.entrar.utilities.Listener
Browser Opened
***************************************************************
1578499355337 - Test Started: newLoginTest
****************************************************************
Created Login Page object
(((((((((((((((((((((((((((((((((((((((((((((((((((((((((((((((((((((((((((
1578499355337 - Test Failed: newLoginTest
(((((((((((((((((((((((((((((((((((((((((((((((((((((((((((((((((((((((((((
]]></system-out>
    <system-err><![CDATA[1578499341752	mozrunner::runner	INFO	Running command: "/usr/lib/firefox/firefox" "-marionette" "-foreground" "-no-remote" "-profile" "/tmp/rust_mozprofile.GM8Eeh557Gpc"
1578499343143	addons.webextension.screenshots@mozilla.org	WARN	Loading extension 'screenshots@mozilla.org': Reading manifest: Invalid extension permission: mozillaAddons
1578499343143	addons.webextension.screenshots@mozilla.org	WARN	Loading extension 'screenshots@mozilla.org': Reading manifest: Invalid extension permission: telemetry
1578499343143	addons.webextension.screenshots@mozilla.org	WARN	Loading extension 'screenshots@mozilla.org': Reading manifest: Invalid extension permission: resource://pdf.js/
1578499343143	addons.webextension.screenshots@mozilla.org	WARN	Loading extension 'screenshots@mozilla.org': Reading manifest: Invalid extension permission: about:reader*
1578499345980	Marionette	INFO	Listening on port 46319
1578499346066	Marionette	WARN	TLS certificate errors will be ignored for this session
Jan 08, 2020 9:32:26 PM org.openqa.selenium.remote.ProtocolHandshake createSession
INFO: Detected dialect: W3C

(/usr/lib/firefox/firefox:20684): dconf-WARNING **: 21:32:35.553: Unable to open /var/lib/snapd/desktop/dconf/profile/user: Permission denied
JavaScript error: https://entrar.in/script/pagination/ui.spinner.js, line 98: TypeError: $.browser is undefined
JavaScript error: https://entrar.in/, line 220: ReferenceError: click is not defined
JavaScript error: https://entrar.in/script/menu/ddsmoothmenu.js, line 52: TypeError: $mainmenu.parent(...).get(...) is undefined
]]></system-err>
  </testcase>
</testsuite>